2023-02-15T18:05:52.811+09:00  INFO 16240 --- [main] com.example.demo.DemoApplication         : Starting DemoApplication using Java 17.0.6 with PID 16240 (C:\workspace\07.Spring\demo\bin\main started by wnwjq in C:\workspace\07.Spring\demo)
2023-02-15T18:05:52.815+09:00  INFO 16240 --- [main] com.example.demo.DemoApplication         : No active profile set, falling back to 1 default profile: "default"
2023-02-15T18:05:54.585+09:00  INFO 16240 --- [main] o.s.b.w.embedded.tomcat.TomcatWebServer  : Tomcat initialized with port(s): 8080 (http)
2023-02-15T18:05:54.609+09:00  INFO 16240 --- [main] o.apache.catalina.core.StandardService   : Starting service [Tomcat]
2023-02-15T18:05:54.618+09:00  INFO 16240 --- [main] o.apache.catalina.core.StandardEngine    : Starting Servlet engine: [Apache Tomcat/10.1.5]
2023-02-15T18:05:54.855+09:00  INFO 16240 --- [main] o.a.c.c.C.[Tomcat].[localhost].[/]       : Initializing Spring embedded WebApplicationContext
2023-02-15T18:05:54.857+09:00  INFO 16240 --- [main] w.s.c.ServletWebServerApplicationContext : Root WebApplicationContext: initialization completed in 1969 ms
2023-02-15T18:05:55.899+09:00  INFO 16240 --- [main] o.s.b.w.embedded.tomcat.TomcatWebServer  : Tomcat started on port(s): 8080 (http) with context path ''
2023-02-15T18:05:55.926+09:00  INFO 16240 --- [main] com.example.demo.DemoApplication         : Started DemoApplication in 4.233 seconds (process running for 5.737)
2023-02-15T18:06:05.919+09:00  INFO 16240 --- [http-nio-8080-exec-1] o.a.c.c.C.[Tomcat].[localhost].[/]       : Initializing Spring DispatcherServlet 'dispatcherServlet'
2023-02-15T18:06:05.920+09:00  INFO 16240 --- [http-nio-8080-exec-1] o.s.web.servlet.DispatcherServlet        : Initializing Servlet 'dispatcherServlet'
2023-02-15T18:06:05.921+09:00  INFO 16240 --- [http-nio-8080-exec-1] o.s.web.servlet.DispatcherServlet        : Completed initialization in 1 ms
2023-02-15T18:06:05.964+09:00  INFO 16240 --- [http-nio-8080-exec-1] c.e.demo.controller.MainController       : [ View ] http://localhost:8080/main
2023-02-15T18:06:06.025+09:00  WARN 16240 --- [http-nio-8080-exec-2] o.s.web.servlet.PageNotFound             : No mapping for GET /favicon.ico
2023-02-15T18:06:15.410+09:00  INFO 16240 --- [http-nio-8080-exec-3] com.example.demo.tcp.TCPClient           : [ Request ... ]
2023-02-15T18:06:15.416+09:00  INFO 16240 --- [http-nio-8080-exec-3] com.example.demo.tcp.TCPClient           : [ Success ... ]
2023-02-15T18:06:15.417+09:00  INFO 16240 --- [http-nio-8080-exec-3] com.example.demo.tcp.TCPClient           : [ Data Send Success ]IF0001      NEXT0112345678901234567890123456789099INQ0001 202302152023021577266040012580000001023590      101000                000000100
2023-02-15T18:06:15.430+09:00  INFO 16240 --- [http-nio-8080-exec-3] com.example.demo.tcp.TCPClient           : [ leng ] 126
2023-02-15T18:06:15.431+09:00  INFO 16240 --- [http-nio-8080-exec-3] com.example.demo.tcp.TCPClient           : [ Data Received ]IF0001      NEXT0112345678901234567890123456789099INQ0001 20230215202302150001KRW000000000010000000000000020000000000000030000
2023-02-15T18:06:15.432+09:00  INFO 16240 --- [http-nio-8080-exec-3] com.example.demo.tcp.TCPClient           : [ Socket closed ]
2023-02-15T18:06:20.744+09:00  INFO 16240 --- [http-nio-8080-exec-4] com.example.demo.tcp.TCPClient           : [ Request ... ]
2023-02-15T18:06:20.746+09:00  INFO 16240 --- [http-nio-8080-exec-4] com.example.demo.tcp.TCPClient           : [ Success ... ]
2023-02-15T18:06:20.747+09:00  INFO 16240 --- [http-nio-8080-exec-4] com.example.demo.tcp.TCPClient           : [ Data Send Success ]IF0001      NEXT0112345678901234567890123456789099INQ0001 202302152023021577266040012580000002023590      101000                000000100032190      262000                000000200
2023-02-15T18:06:20.750+09:00  INFO 16240 --- [http-nio-8080-exec-4] com.example.demo.tcp.TCPClient           : [ leng ] 174
2023-02-15T18:06:20.750+09:00  INFO 16240 --- [http-nio-8080-exec-4] com.example.demo.tcp.TCPClient           : [ Data Received ]IF0001      NEXT0112345678901234567890123456789099INQ0001 20230215202302150002KRW000000000010000000000000020000000000000030000USD000000000040000000000000050000000000000060000
2023-02-15T18:06:20.751+09:00  INFO 16240 --- [http-nio-8080-exec-4] com.example.demo.tcp.TCPClient           : [ Socket closed ]
2023-02-15T18:06:24.246+09:00  INFO 16240 --- [http-nio-8080-exec-5] com.example.demo.tcp.TCPClient           : [ Request ... ]
2023-02-15T18:06:24.247+09:00  INFO 16240 --- [http-nio-8080-exec-5] com.example.demo.tcp.TCPClient           : [ Success ... ]
2023-02-15T18:06:24.249+09:00  INFO 16240 --- [http-nio-8080-exec-5] com.example.demo.tcp.TCPClient           : [ Data Send Success ]IF0001      NEXT0112345678901234567890123456789099INQ0001 202302152023021577266040012580000003023590      101000                000000100032190      262000                000000200039490      163000                000000300
2023-02-15T18:06:24.251+09:00  INFO 16240 --- [http-nio-8080-exec-5] com.example.demo.tcp.TCPClient           : [ leng ] 222
2023-02-15T18:06:24.252+09:00  INFO 16240 --- [http-nio-8080-exec-5] com.example.demo.tcp.TCPClient           : [ Data Received ]IF0001      NEXT0112345678901234567890123456789099INQ0001 20230215202302150003KRW000000000010000000000000020000000000000030000USD000000000040000000000000050000000000000060000JPY000000000070000000000000080000000000000090000
2023-02-15T18:06:24.252+09:00  INFO 16240 --- [http-nio-8080-exec-5] com.example.demo.tcp.TCPClient           : [ Socket closed ]
2023-02-15T18:06:28.579+09:00  INFO 16240 --- [http-nio-8080-exec-6] com.example.demo.tcp.TCPClient           : [ Request ... ]
2023-02-15T18:06:28.581+09:00  INFO 16240 --- [http-nio-8080-exec-6] com.example.demo.tcp.TCPClient           : [ Success ... ]
2023-02-15T18:06:28.581+09:00  INFO 16240 --- [http-nio-8080-exec-6] com.example.demo.tcp.TCPClient           : [ Data Send Success ]IF0001      NEXT0112345678901234567890123456789099INQ0001 202302152023021577266040012580000004023590      101000                000000100032190      262000                000000200039490      163000                000000300760001      204000                000000400
2023-02-15T18:06:28.585+09:00  INFO 16240 --- [http-nio-8080-exec-6] com.example.demo.tcp.TCPClient           : [ leng ] 270
2023-02-15T18:06:28.585+09:00  INFO 16240 --- [http-nio-8080-exec-6] com.example.demo.tcp.TCPClient           : [ Data Received ]IF0001      NEXT0112345678901234567890123456789099INQ0001 20230215202302150004KRW000000000010000000000000020000000000000030000USD000000000040000000000000050000000000000060000JPY000000000070000000000000080000000000000090000CNY000000000030000000000000040000000000000050000
2023-02-15T18:06:28.586+09:00  INFO 16240 --- [http-nio-8080-exec-6] com.example.demo.tcp.TCPClient           : [ Socket closed ]
2023-02-15T18:06:33.192+09:00  INFO 16240 --- [http-nio-8080-exec-7] com.example.demo.tcp.TCPClient           : [ Request ... ]
2023-02-15T18:06:33.195+09:00  INFO 16240 --- [http-nio-8080-exec-7] com.example.demo.tcp.TCPClient           : [ Success ... ]
2023-02-15T18:06:33.196+09:00  INFO 16240 --- [http-nio-8080-exec-7] com.example.demo.tcp.TCPClient           : [ Data Send Success ]IF0001      NEXT0112345678901234567890123456789099INQ0001 202302152023021577266040012580000003023590      101000                000000100032190      262000                000000200039490      163000                000000300
2023-02-15T18:06:33.198+09:00  INFO 16240 --- [http-nio-8080-exec-7] com.example.demo.tcp.TCPClient           : [ leng ] 222
2023-02-15T18:06:33.199+09:00  INFO 16240 --- [http-nio-8080-exec-7] com.example.demo.tcp.TCPClient           : [ Data Received ]IF0001      NEXT0112345678901234567890123456789099INQ0001 20230215202302150003KRW000000000010000000000000020000000000000030000USD000000000040000000000000050000000000000060000JPY000000000070000000000000080000000000000090000
2023-02-15T18:06:33.199+09:00  INFO 16240 --- [http-nio-8080-exec-7] com.example.demo.tcp.TCPClient           : [ Socket closed ]
2023-02-15T18:06:36.923+09:00  INFO 16240 --- [http-nio-8080-exec-8] com.example.demo.tcp.TCPClient           : [ Request ... ]
2023-02-15T18:06:36.925+09:00  INFO 16240 --- [http-nio-8080-exec-8] com.example.demo.tcp.TCPClient           : [ Success ... ]
2023-02-15T18:06:36.927+09:00  INFO 16240 --- [http-nio-8080-exec-8] com.example.demo.tcp.TCPClient           : [ Data Send Success ]IF0001      NEXT0112345678901234567890123456789099INQ0001 202302152023021577266040012580000002023590      101000                000000100032190      262000                000000200
2023-02-15T18:06:36.930+09:00  INFO 16240 --- [http-nio-8080-exec-8] com.example.demo.tcp.TCPClient           : [ leng ] 174
2023-02-15T18:06:36.931+09:00  INFO 16240 --- [http-nio-8080-exec-8] com.example.demo.tcp.TCPClient           : [ Data Received ]IF0001      NEXT0112345678901234567890123456789099INQ0001 20230215202302150002KRW000000000010000000000000020000000000000030000USD000000000040000000000000050000000000000060000
2023-02-15T18:06:36.931+09:00  INFO 16240 --- [http-nio-8080-exec-8] com.example.demo.tcp.TCPClient           : [ Socket closed ]
2023-02-15T18:06:41.064+09:00  INFO 16240 --- [http-nio-8080-exec-9] com.example.demo.tcp.TCPClient           : [ Request ... ]
2023-02-15T18:06:41.066+09:00  INFO 16240 --- [http-nio-8080-exec-9] com.example.demo.tcp.TCPClient           : [ Success ... ]
2023-02-15T18:06:41.067+09:00  INFO 16240 --- [http-nio-8080-exec-9] com.example.demo.tcp.TCPClient           : [ Data Send Success ]IF0001      NEXT0112345678901234567890123456789099INQ0001 202302152023021577266040012580000001023590      101000                000000100
2023-02-15T18:06:41.071+09:00  INFO 16240 --- [http-nio-8080-exec-9] com.example.demo.tcp.TCPClient           : [ leng ] 126
2023-02-15T18:06:41.071+09:00  INFO 16240 --- [http-nio-8080-exec-9] com.example.demo.tcp.TCPClient           : [ Data Received ]IF0001      NEXT0112345678901234567890123456789099INQ0001 20230215202302150001KRW000000000010000000000000020000000000000030000
2023-02-15T18:06:41.072+09:00  INFO 16240 --- [http-nio-8080-exec-9] com.example.demo.tcp.TCPClient           : [ Socket closed ]
