2023-02-15T18:06:50.024+09:00  INFO 16240 --- [RMI TCP Connection(10)-127.0.0.1] inMXBeanRegistrar$SpringApplicationAdmin : Application shutdown requested.
2023-02-15T18:06:50.064+09:00  INFO 16240 --- [RMI TCP Connection(10)-127.0.0.1] o.apache.catalina.core.StandardService   : Stopping service [Tomcat]
2023-02-15T18:06:50.067+09:00  INFO 16240 --- [RMI TCP Connection(10)-127.0.0.1] o.a.c.c.C.[Tomcat].[localhost].[/]       : Destroying Spring FrameworkServlet 'dispatcherServlet'
2023-02-15T18:08:46.305+09:00  INFO 10484 --- [main] com.example.demo.DemoApplication         : Starting DemoApplication using Java 17.0.6 with PID 10484 (C:\workspace\07.Spring\demo\bin\main started by wnwjq in C:\workspace\07.Spring\demo)
2023-02-15T18:08:46.317+09:00  INFO 10484 --- [main] com.example.demo.DemoApplication         : No active profile set, falling back to 1 default profile: "default"
2023-02-15T18:08:48.261+09:00  INFO 10484 --- [main] o.s.b.w.embedded.tomcat.TomcatWebServer  : Tomcat initialized with port(s): 8080 (http)
2023-02-15T18:08:48.285+09:00  INFO 10484 --- [main] o.apache.catalina.core.StandardService   : Starting service [Tomcat]
2023-02-15T18:08:48.286+09:00  INFO 10484 --- [main] o.apache.catalina.core.StandardEngine    : Starting Servlet engine: [Apache Tomcat/10.1.5]
2023-02-15T18:08:48.517+09:00  INFO 10484 --- [main] o.a.c.c.C.[Tomcat].[localhost].[/]       : Initializing Spring embedded WebApplicationContext
2023-02-15T18:08:48.517+09:00  INFO 10484 --- [main] w.s.c.ServletWebServerApplicationContext : Root WebApplicationContext: initialization completed in 2127 ms
2023-02-15T18:08:49.247+09:00  INFO 10484 --- [main] o.s.b.w.embedded.tomcat.TomcatWebServer  : Tomcat started on port(s): 8080 (http) with context path ''
2023-02-15T18:08:49.263+09:00  INFO 10484 --- [main] com.example.demo.DemoApplication         : Started DemoApplication in 3.944 seconds (process running for 5.517)
2023-02-15T18:08:53.674+09:00  INFO 10484 --- [http-nio-8080-exec-1] o.a.c.c.C.[Tomcat].[localhost].[/]       : Initializing Spring DispatcherServlet 'dispatcherServlet'
2023-02-15T18:08:53.674+09:00  INFO 10484 --- [http-nio-8080-exec-1] o.s.web.servlet.DispatcherServlet        : Initializing Servlet 'dispatcherServlet'
2023-02-15T18:08:53.677+09:00  INFO 10484 --- [http-nio-8080-exec-1] o.s.web.servlet.DispatcherServlet        : Completed initialization in 1 ms
2023-02-15T18:08:53.740+09:00  INFO 10484 --- [http-nio-8080-exec-1] c.e.demo.controller.MainController       : [ View ] http://localhost:8080/main
2023-02-15T18:09:00.256+09:00  INFO 10484 --- [http-nio-8080-exec-2] com.example.demo.tcp.TCPClient           : [ Request ... ]
2023-02-15T18:09:00.261+09:00  INFO 10484 --- [http-nio-8080-exec-2] com.example.demo.tcp.TCPClient           : [ Success ... ]
2023-02-15T18:09:00.263+09:00  INFO 10484 --- [http-nio-8080-exec-2] com.example.demo.tcp.TCPClient           : [ Data Send Success ]IF0001      NEXT0112345678901234567890123456789099INQ0001 202302152023021577266040012580000001023590      101000                000000100
2023-02-15T18:09:00.272+09:00  INFO 10484 --- [http-nio-8080-exec-2] com.example.demo.tcp.TCPClient           : [ leng ] 126
2023-02-15T18:09:00.273+09:00  INFO 10484 --- [http-nio-8080-exec-2] com.example.demo.tcp.TCPClient           : [ Data Received ]IF0001      NEXT0112345678901234567890123456789099INQ0001 20230215202302150001KRW000000000010000000000000020000000000000030000
2023-02-15T18:09:00.274+09:00  INFO 10484 --- [http-nio-8080-exec-2] com.example.demo.tcp.TCPClient           : [ Socket closed ]
2023-02-15T18:09:04.124+09:00  INFO 10484 --- [http-nio-8080-exec-3] com.example.demo.tcp.TCPClient           : [ Request ... ]
2023-02-15T18:09:04.126+09:00  INFO 10484 --- [http-nio-8080-exec-3] com.example.demo.tcp.TCPClient           : [ Success ... ]
2023-02-15T18:09:04.127+09:00  INFO 10484 --- [http-nio-8080-exec-3] com.example.demo.tcp.TCPClient           : [ Data Send Success ]IF0001      NEXT0112345678901234567890123456789099INQ0001 202302152023021577266040012580000002023590      101000                000000100032190      262000                000000200
2023-02-15T18:09:04.132+09:00  INFO 10484 --- [http-nio-8080-exec-3] com.example.demo.tcp.TCPClient           : [ leng ] 174
2023-02-15T18:09:04.132+09:00  INFO 10484 --- [http-nio-8080-exec-3] com.example.demo.tcp.TCPClient           : [ Data Received ]IF0001      NEXT0112345678901234567890123456789099INQ0001 20230215202302150002KRW000000000010000000000000020000000000000030000USD000000000040000000000000050000000000000060000
2023-02-15T18:09:04.133+09:00  INFO 10484 --- [http-nio-8080-exec-3] com.example.demo.tcp.TCPClient           : [ Socket closed ]
2023-02-15T18:09:06.474+09:00  INFO 10484 --- [http-nio-8080-exec-4] com.example.demo.tcp.TCPClient           : [ Request ... ]
2023-02-15T18:09:06.477+09:00  INFO 10484 --- [http-nio-8080-exec-4] com.example.demo.tcp.TCPClient           : [ Success ... ]
2023-02-15T18:09:06.478+09:00  INFO 10484 --- [http-nio-8080-exec-4] com.example.demo.tcp.TCPClient           : [ Data Send Success ]IF0001      NEXT0112345678901234567890123456789099INQ0001 202302152023021577266040012580000003023590      101000                000000100032190      262000                000000200039490      163000                000000300
2023-02-15T18:09:06.481+09:00  INFO 10484 --- [http-nio-8080-exec-4] com.example.demo.tcp.TCPClient           : [ leng ] 222
2023-02-15T18:09:06.482+09:00  INFO 10484 --- [http-nio-8080-exec-4] com.example.demo.tcp.TCPClient           : [ Data Received ]IF0001      NEXT0112345678901234567890123456789099INQ0001 20230215202302150003KRW000000000010000000000000020000000000000030000USD000000000040000000000000050000000000000060000JPY000000000070000000000000080000000000000090000
2023-02-15T18:09:06.482+09:00  INFO 10484 --- [http-nio-8080-exec-4] com.example.demo.tcp.TCPClient           : [ Socket closed ]
2023-02-15T18:09:08.761+09:00  INFO 10484 --- [http-nio-8080-exec-5] com.example.demo.tcp.TCPClient           : [ Request ... ]
2023-02-15T18:09:08.764+09:00  INFO 10484 --- [http-nio-8080-exec-5] com.example.demo.tcp.TCPClient           : [ Success ... ]
2023-02-15T18:09:08.764+09:00  INFO 10484 --- [http-nio-8080-exec-5] com.example.demo.tcp.TCPClient           : [ Data Send Success ]IF0001      NEXT0112345678901234567890123456789099INQ0001 202302152023021577266040012580000004023590      101000                000000100032190      262000                000000200039490      163000                000000300760001      204000                000000400
2023-02-15T18:09:08.769+09:00  INFO 10484 --- [http-nio-8080-exec-5] com.example.demo.tcp.TCPClient           : [ leng ] 270
2023-02-15T18:09:08.769+09:00  INFO 10484 --- [http-nio-8080-exec-5] com.example.demo.tcp.TCPClient           : [ Data Received ]IF0001      NEXT0112345678901234567890123456789099INQ0001 20230215202302150004KRW000000000010000000000000020000000000000030000USD000000000040000000000000050000000000000060000JPY000000000070000000000000080000000000000090000CNY000000000030000000000000040000000000000050000
2023-02-15T18:09:08.770+09:00  INFO 10484 --- [http-nio-8080-exec-5] com.example.demo.tcp.TCPClient           : [ Socket closed ]
2023-02-15T18:10:36.023+09:00  INFO 10484 --- [RMI TCP Connection(11)-127.0.0.1] inMXBeanRegistrar$SpringApplicationAdmin : Application shutdown requested.
2023-02-15T18:10:36.066+09:00  INFO 10484 --- [RMI TCP Connection(11)-127.0.0.1] o.apache.catalina.core.StandardService   : Stopping service [Tomcat]
2023-02-15T18:10:36.071+09:00  INFO 10484 --- [RMI TCP Connection(11)-127.0.0.1] o.a.c.c.C.[Tomcat].[localhost].[/]       : Destroying Spring FrameworkServlet 'dispatcherServlet'
