18:08:41.096 [main] INFO com.example.demo.tcp.TCPServer - Starting tcp Server: 9999
18:08:41.103 [main] INFO com.example.demo.tcp.TCPServer - [ Waiting ]
18:09:00.261 [main] INFO com.example.demo.tcp.TCPServer - [ Connected ] 9999
18:09:00.265 [Thread-0] INFO com.example.demo.tcp.TCPServer - [ RecieveLength ] 137
18:09:00.269 [Thread-0] INFO com.example.demo.tcp.TCPServer - [ Interface Id ] 'IF0001      '
18:09:00.269 [Thread-0] INFO com.example.demo.tcp.TCPServer - [ Request Sys ] 'NEXT01'
18:09:00.269 [Thread-0] INFO com.example.demo.tcp.TCPServer - [ Global Id ] '12345678901234567890123456789099'
18:09:00.270 [Thread-0] INFO com.example.demo.tcp.TCPServer - [ Inquiry Id ] 'INQ0001 '
18:09:00.270 [Thread-0] INFO com.example.demo.tcp.TCPServer - [ Start Date ] '20230215'
18:09:00.270 [Thread-0] INFO com.example.demo.tcp.TCPServer - [ End Date ] '20230215'
18:09:00.270 [Thread-0] INFO com.example.demo.tcp.TCPServer - [ ClientReceiveBodyMessage ]: 77266040012580000001023590      101000                000000100
18:09:00.270 [Thread-0] INFO com.example.demo.tcp.TCPServer - [ inputCount ]: 0001
18:09:00.272 [Thread-0] INFO com.example.demo.tcp.TCPServer - [ ClientSendBodyMessage ] 0001KRW000000000010000000000000020000000000000030000
18:09:00.272 [Thread-0] INFO com.example.demo.tcp.TCPServer - [ Data Send Success ]
18:09:00.272 [Thread-0] INFO com.example.demo.tcp.TCPServer - [ Length ] 126
18:09:00.273 [Thread-0] INFO com.example.demo.tcp.TCPServer - [ Message ] IF0001      NEXT0112345678901234567890123456789099INQ0001 20230215202302150001KRW000000000010000000000000020000000000000030000
18:09:00.274 [Thread-0] INFO com.example.demo.tcp.TCPServer - [ Socket closed ] 
18:09:00.274 [Thread-0] INFO com.example.demo.tcp.TCPServer - Disconnected :127.0.0.1:50806
18:09:04.126 [main] INFO com.example.demo.tcp.TCPServer - [ Connected ] 9999
18:09:04.128 [Thread-1] INFO com.example.demo.tcp.TCPServer - [ RecieveLength ] 180
18:09:04.128 [Thread-1] INFO com.example.demo.tcp.TCPServer - [ Interface Id ] 'IF0001      '
18:09:04.128 [Thread-1] INFO com.example.demo.tcp.TCPServer - [ Request Sys ] 'NEXT01'
18:09:04.128 [Thread-1] INFO com.example.demo.tcp.TCPServer - [ Global Id ] '12345678901234567890123456789099'
18:09:04.129 [Thread-1] INFO com.example.demo.tcp.TCPServer - [ Inquiry Id ] 'INQ0001 '
18:09:04.129 [Thread-1] INFO com.example.demo.tcp.TCPServer - [ Start Date ] '20230215'
18:09:04.129 [Thread-1] INFO com.example.demo.tcp.TCPServer - [ End Date ] '20230215'
18:09:04.129 [Thread-1] INFO com.example.demo.tcp.TCPServer - [ ClientReceiveBodyMessage ]: 77266040012580000002023590      101000                000000100032190      262000                000000200
18:09:04.130 [Thread-1] INFO com.example.demo.tcp.TCPServer - [ inputCount ]: 0002
18:09:04.131 [Thread-1] INFO com.example.demo.tcp.TCPServer - [ ClientSendBodyMessage ] 0002KRW000000000010000000000000020000000000000030000USD000000000040000000000000050000000000000060000
18:09:04.132 [Thread-1] INFO com.example.demo.tcp.TCPServer - [ Data Send Success ]
18:09:04.132 [Thread-1] INFO com.example.demo.tcp.TCPServer - [ Length ] 174
18:09:04.132 [Thread-1] INFO com.example.demo.tcp.TCPServer - [ Message ] IF0001      NEXT0112345678901234567890123456789099INQ0001 20230215202302150002KRW000000000010000000000000020000000000000030000USD000000000040000000000000050000000000000060000
18:09:04.133 [Thread-1] INFO com.example.demo.tcp.TCPServer - [ Socket closed ] 
18:09:04.133 [Thread-1] INFO com.example.demo.tcp.TCPServer - Disconnected :127.0.0.1:50808
18:09:06.477 [main] INFO com.example.demo.tcp.TCPServer - [ Connected ] 9999
18:09:06.479 [Thread-2] INFO com.example.demo.tcp.TCPServer - [ RecieveLength ] 223
18:09:06.479 [Thread-2] INFO com.example.demo.tcp.TCPServer - [ Interface Id ] 'IF0001      '
18:09:06.479 [Thread-2] INFO com.example.demo.tcp.TCPServer - [ Request Sys ] 'NEXT01'
18:09:06.479 [Thread-2] INFO com.example.demo.tcp.TCPServer - [ Global Id ] '12345678901234567890123456789099'
18:09:06.479 [Thread-2] INFO com.example.demo.tcp.TCPServer - [ Inquiry Id ] 'INQ0001 '
18:09:06.479 [Thread-2] INFO com.example.demo.tcp.TCPServer - [ Start Date ] '20230215'
18:09:06.480 [Thread-2] INFO com.example.demo.tcp.TCPServer - [ End Date ] '20230215'
18:09:06.480 [Thread-2] INFO com.example.demo.tcp.TCPServer - [ ClientReceiveBodyMessage ]: 77266040012580000003023590      101000                000000100032190      262000                000000200039490      163000                000000300
18:09:06.480 [Thread-2] INFO com.example.demo.tcp.TCPServer - [ inputCount ]: 0003
18:09:06.481 [Thread-2] INFO com.example.demo.tcp.TCPServer - [ ClientSendBodyMessage ] 0003KRW000000000010000000000000020000000000000030000USD000000000040000000000000050000000000000060000JPY000000000070000000000000080000000000000090000
18:09:06.481 [Thread-2] INFO com.example.demo.tcp.TCPServer - [ Data Send Success ]
18:09:06.481 [Thread-2] INFO com.example.demo.tcp.TCPServer - [ Length ] 222
18:09:06.482 [Thread-2] INFO com.example.demo.tcp.TCPServer - [ Message ] IF0001      NEXT0112345678901234567890123456789099INQ0001 20230215202302150003KRW000000000010000000000000020000000000000030000USD000000000040000000000000050000000000000060000JPY000000000070000000000000080000000000000090000
18:09:06.482 [Thread-2] INFO com.example.demo.tcp.TCPServer - [ Socket closed ] 
18:09:06.483 [Thread-2] INFO com.example.demo.tcp.TCPServer - Disconnected :127.0.0.1:50809
18:09:08.764 [main] INFO com.example.demo.tcp.TCPServer - [ Connected ] 9999
18:09:08.765 [Thread-3] INFO com.example.demo.tcp.TCPServer - [ RecieveLength ] 266
18:09:08.766 [Thread-3] INFO com.example.demo.tcp.TCPServer - [ Interface Id ] 'IF0001      '
18:09:08.766 [Thread-3] INFO com.example.demo.tcp.TCPServer - [ Request Sys ] 'NEXT01'
18:09:08.766 [Thread-3] INFO com.example.demo.tcp.TCPServer - [ Global Id ] '12345678901234567890123456789099'
18:09:08.766 [Thread-3] INFO com.example.demo.tcp.TCPServer - [ Inquiry Id ] 'INQ0001 '
18:09:08.766 [Thread-3] INFO com.example.demo.tcp.TCPServer - [ Start Date ] '20230215'
18:09:08.766 [Thread-3] INFO com.example.demo.tcp.TCPServer - [ End Date ] '20230215'
18:09:08.766 [Thread-3] INFO com.example.demo.tcp.TCPServer - [ ClientReceiveBodyMessage ]: 77266040012580000004023590      101000                000000100032190      262000                000000200039490      163000                000000300760001      204000                000000400
18:09:08.767 [Thread-3] INFO com.example.demo.tcp.TCPServer - [ inputCount ]: 0004
18:09:08.769 [Thread-3] INFO com.example.demo.tcp.TCPServer - [ ClientSendBodyMessage ] 0004KRW000000000010000000000000020000000000000030000USD000000000040000000000000050000000000000060000JPY000000000070000000000000080000000000000090000CNY000000000030000000000000040000000000000050000
18:09:08.769 [Thread-3] INFO com.example.demo.tcp.TCPServer - [ Data Send Success ]
18:09:08.769 [Thread-3] INFO com.example.demo.tcp.TCPServer - [ Length ] 270
18:09:08.769 [Thread-3] INFO com.example.demo.tcp.TCPServer - [ Message ] IF0001      NEXT0112345678901234567890123456789099INQ0001 20230215202302150004KRW000000000010000000000000020000000000000030000USD000000000040000000000000050000000000000060000JPY000000000070000000000000080000000000000090000CNY000000000030000000000000040000000000000050000
18:09:08.770 [Thread-3] INFO com.example.demo.tcp.TCPServer - [ Socket closed ] 
18:09:08.770 [Thread-3] INFO com.example.demo.tcp.TCPServer - Disconnected :127.0.0.1:50810
